Build started 12/05/2023 11:27:41 am.
     1>Project "C:\Users\USER\dsafp\4Ps-financial-tracker\4Ps-financial-tracker\4Ps-financial-tracker.vcxproj" on node 2 (build target(s)).
     1>InitializeBuildStatus:
         Creating "Debug\4Ps-financial-tracker.unsuccessfulbuild" because "AlwaysCreate" was specified.
       ClCompile:
         e:\E Program Files\vs2010\VC\bin\CL.exe /c /ZI /nologo /W3 /WX- /Od /Oy- /D _MBCS /Gm /EHsc /RTC1 /MDd /GS /fp:precise /Zc:wchar_t /Zc:forScope /Fo"Debug\\" /Fd"Debug\vc100.pdb" /Gd /TP /analyze- /errorReport:prompt Main.cpp
         Main.cpp
     1>c:\users\user\dsafp\4ps-financial-tracker\4ps-financial-tracker\main.cpp(22): warning C4996: 'mkdir': The POSIX name for this item is deprecated. Instead, use the ISO C++ conformant name: _mkdir. See online help for details.
                 e:\e program files\vs2010\vc\include\direct.h(124) : see declaration of 'mkdir'
       Link:
         e:\E Program Files\vs2010\VC\bin\link.exe /ERRORREPORT:PROMPT /OUT:"C:\Users\USER\dsafp\4Ps-financial-tracker\Debug\4Ps-financial-tracker.exe" /NOLOGO kernel32.lib user32.lib gdi32.lib winspool.lib comdlg32.lib advapi32.lib shell32.lib ole32.lib oleaut32.lib uuid.lib odbc32.lib odbccp32.lib /MANIFEST /ManifestFile:"Debug\4Ps-financial-tracker.exe.intermediate.manifest" /MANIFESTUAC:"level='asInvoker' uiAccess='false'" /DEBUG /PDB:"C:\Users\USER\dsafp\4Ps-financial-tracker\Debug\4Ps-financial-tracker.pdb" /TLBID:1 /DYNAMICBASE /NXCOMPAT /IMPLIB:"C:\Users\USER\dsafp\4Ps-financial-tracker\Debug\4Ps-financial-tracker.lib" /MACHINE:X86 Debug\handlingTools.obj
         Debug\familyRegistration.obj
         Debug\familySearch.obj
         Debug\Main.obj
         Debug\mainInterface.obj
         Debug\ratingCalculator.obj
         LINK : C:\Users\USER\dsafp\4Ps-financial-tracker\Debug\4Ps-financial-tracker.exe not found or not built by the last incremental link; performing full link
         4Ps-financial-tracker.vcxproj -> C:\Users\USER\dsafp\4Ps-financial-tracker\Debug\4Ps-financial-tracker.exe
       Manifest:
         C:\Program Files (x86)\Microsoft SDKs\Windows\v7.0A\bin\mt.exe /nologo /verbose /outputresource:"C:\Users\USER\dsafp\4Ps-financial-tracker\Debug\4Ps-financial-tracker.exe;#1" /manifest "Debug\4Ps-financial-tracker.exe.intermediate.manifest"
       FinalizeBuildStatus:
         Deleting file "Debug\4Ps-financial-tracker.unsuccessfulbuild".
         Touching "Debug\4Ps-financial-tracker.lastbuildstate".
     1>Done Building Project "C:\Users\USER\dsafp\4Ps-financial-tracker\4Ps-financial-tracker\4Ps-financial-tracker.vcxproj" (build target(s)).

Build succeeded.

Time Elapsed 00:00:00.72
